2023-07-05 02:21:14.860 +03:00 [Information] Робот начал работу
2023-07-05 02:21:14.995 +03:00 [Information] Открытие Пуска
2023-07-05 02:21:17.154 +03:00 [Information] Ввод в строку поиска сегодняшней даты
2023-07-05 02:21:19.167 +03:00 [Information] Переход в папку с названием 05.07.2023
2023-07-05 02:21:21.169 +03:00 [Information] Ищу файлы для обработки
2023-07-05 02:21:21.171 +03:00 [Information] Начинаю обработку файла РЕГИСТРАЦИЯ (GITHUB.COM) ИЭ
2023-07-05 02:21:21.199 +03:00 [Information] Активация строки поиска в проводнике
2023-07-05 02:21:23.610 +03:00 [Information] Ввод в строку поиска названия нужного файла
2023-07-05 02:21:23.620 +03:00 [Information] Нажимаем клавишу ENTER
2023-07-05 02:21:25.632 +03:00 [Information] Нажимаем клавишу DOWN
2023-07-05 02:21:27.647 +03:00 [Information] Нажимаем клавишу DOWN
2023-07-05 02:21:29.660 +03:00 [Information] Нажимаем клавишу ENTER
2023-07-05 02:21:31.683 +03:00 [Information] Нажимаем сочетание клавиш Сrtl+A
2023-07-05 02:21:33.705 +03:00 [Information] Нажимаем сочетание клавиш Сrtl+C
2023-07-05 02:21:35.711 +03:00 [Information] Получаем данные из буфера обмена
2023-07-05 02:21:35.711 +03:00 [Information] Наименование: https:\\github.com\
ТерминалID: 134221
УНП: 01092031
База: C22300C
MERCHANTID: 63bec124-4af6-46da-a582-376ad554bde9
Сумма в день: 1200
Кол-во в день: 300
Сумма в месяц: 45000
Кол-во в месяц: 5000
Полное наименование: GitHub — крупнейший веб-сервис для хостинга IT-проектов и их совместной разработки.
Дата создания: 01 мая 2023 года 19:01:001
Срок действия: 5 лет
2023-07-05 02:21:37.712 +03:00 [Information] Проверка по какому шаблону нужно обработать данный файл (ИЭ или ТЭ)
2023-07-05 02:21:39.359 +03:00 [Information] Коректность данных в файле РЕГИСТРАЦИЯ (GITHUB.COM) ИЭ: True
2023-07-05 02:21:39.615 +03:00 [Information] Закрываем окно файла РЕГИСТРАЦИЯ (GITHUB.COM) ИЭ
2023-07-05 02:21:39.615 +03:00 [Information] Начинаю обработку файла РЕГИСТРАЦИЯ (ONLINER.BY) ИЭ
2023-07-05 02:21:39.641 +03:00 [Information] Активация строки поиска в проводнике
2023-07-05 02:21:42.048 +03:00 [Information] Ввод в строку поиска названия нужного файла
2023-07-05 02:21:42.059 +03:00 [Information] Нажимаем клавишу ENTER
2023-07-05 02:21:44.070 +03:00 [Information] Нажимаем клавишу DOWN
2023-07-05 02:21:46.081 +03:00 [Information] Нажимаем клавишу DOWN
2023-07-05 02:21:48.094 +03:00 [Information] Нажимаем клавишу ENTER
2023-07-05 02:21:50.121 +03:00 [Information] Нажимаем сочетание клавиш Сrtl+A
2023-07-05 02:21:52.142 +03:00 [Information] Нажимаем сочетание клавиш Сrtl+C
2023-07-05 02:21:54.145 +03:00 [Information] Получаем данные из буфера обмена
2023-07-05 02:21:54.145 +03:00 [Information] Наименование: https:\\onliner.by\
Дата создания: 23 апреля 2023 года
MERCHANTID: 4008650c-5bd6-4934-9107-e49edb6872ba
ТерминалID: 134221
База: 0101010
Сумма в день: 550
Кол-во в день: 30
Сумма в месяц: 950
Полное наименование: Общество с ограниченной ответственностью "Онлайнер"
УНП: 21841242
Срок действия: 2 года
2023-07-05 02:21:56.145 +03:00 [Information] Проверка по какому шаблону нужно обработать данный файл (ИЭ или ТЭ)
2023-07-05 02:21:56.153 +03:00 [Information] Коректность данных в файле РЕГИСТРАЦИЯ (ONLINER.BY) ИЭ: True
2023-07-05 02:21:56.410 +03:00 [Information] Закрываем окно файла РЕГИСТРАЦИЯ (ONLINER.BY) ИЭ
2023-07-05 02:21:56.410 +03:00 [Information] Начинаю обработку файла РЕГИСТРАЦИЯ (ТЕСТО.BY) ИЭ
2023-07-05 02:21:56.434 +03:00 [Information] Активация строки поиска в проводнике
2023-07-05 02:21:58.746 +03:00 [Information] Ввод в строку поиска названия нужного файла
2023-07-05 02:21:58.757 +03:00 [Information] Нажимаем клавишу ENTER
2023-07-05 02:22:00.768 +03:00 [Information] Нажимаем клавишу DOWN
2023-07-05 02:22:02.781 +03:00 [Information] Нажимаем клавишу DOWN
2023-07-05 02:22:04.793 +03:00 [Information] Нажимаем клавишу ENTER
2023-07-05 02:22:06.817 +03:00 [Information] Нажимаем сочетание клавиш Сrtl+A
2023-07-05 02:22:08.841 +03:00 [Information] Нажимаем сочетание клавиш Сrtl+C
2023-07-05 02:22:10.844 +03:00 [Information] Получаем данные из буфера обмена
2023-07-05 02:22:10.844 +03:00 [Information] Наименование: https:\\тестой.бай\
Дата создания: 4 января 2023 года
MERCHANTID: 421412aw-4dwa2-4934-9107-e49edb6872ba
ТерминалID: 134221
База: 0101010
Сумма в день: 550
Кол-во в день: 30
Сумма в месяц: 950
Полное наименование: Частное торговое унитарное предприятие "Тесто"
Срок действия: 1 год
2023-07-05 02:22:12.845 +03:00 [Information] Проверка по какому шаблону нужно обработать данный файл (ИЭ или ТЭ)
2023-07-05 02:22:12.862 +03:00 [Information] Коректность данных в файле РЕГИСТРАЦИЯ (ТЕСТО.BY) ИЭ: False
2023-07-05 02:22:13.114 +03:00 [Information] Закрываем окно файла РЕГИСТРАЦИЯ (ТЕСТО.BY) ИЭ
2023-07-05 02:22:13.114 +03:00 [Information] Начинаю обработку файла РЕГИСТРАЦИЯ Q12432 ТЭ
2023-07-05 02:22:13.149 +03:00 [Information] Активация строки поиска в проводнике
2023-07-05 02:22:15.432 +03:00 [Information] Ввод в строку поиска названия нужного файла
2023-07-05 02:22:15.455 +03:00 [Information] Нажимаем клавишу ENTER
2023-07-05 02:22:17.477 +03:00 [Information] Нажимаем клавишу DOWN
2023-07-05 02:22:19.499 +03:00 [Information] Нажимаем клавишу DOWN
2023-07-05 02:22:21.522 +03:00 [Information] Нажимаем клавишу ENTER
2023-07-05 02:22:23.556 +03:00 [Information] Нажимаем сочетание клавиш Сrtl+A
2023-07-05 02:22:25.589 +03:00 [Information] Нажимаем сочетание клавиш Сrtl+C
2023-07-05 02:22:27.599 +03:00 [Information] Получаем данные из буфера обмена
2023-07-05 02:22:27.599 +03:00 [Information] Наименование: Терминал торгового эквайринга
ID: f2f3413b-21f8-412a-b601-912e58a173f7
Лимит транзакций в сутки: 30
Кол-во сумма в сутки: 60000
Лимит транзакций в месяц: 900
Кол-во сумма в месяц: 1800000
Ответственный сотрудник: Мышковец Алина Петровна
Адрес: Республика Беларусь, г. Минск, ул. Жыбренко 9д оф 35
Организация: Индивидуальный предприниматель Петров Петр Петрович
Дата установки: 23 апреля 2023
Лицензия: Есть
Действут до: 23 апреля 2024

2023-07-05 02:22:29.600 +03:00 [Information] Проверка по какому шаблону нужно обработать данный файл (ИЭ или ТЭ)
2023-07-05 02:22:29.613 +03:00 [Information] Коректность данных в файле РЕГИСТРАЦИЯ Q12432 ТЭ: True
2023-07-05 02:22:29.867 +03:00 [Information] Закрываем окно файла РЕГИСТРАЦИЯ Q12432 ТЭ
2023-07-05 02:22:29.867 +03:00 [Information] Начинаю обработку файла РЕГИСТРАЦИЯ W42192 ТЭ
2023-07-05 02:22:29.904 +03:00 [Information] Активация строки поиска в проводнике
2023-07-05 02:22:32.191 +03:00 [Information] Ввод в строку поиска названия нужного файла
2023-07-05 02:22:32.213 +03:00 [Information] Нажимаем клавишу ENTER
2023-07-05 02:22:34.235 +03:00 [Information] Нажимаем клавишу DOWN
2023-07-05 02:22:36.259 +03:00 [Information] Нажимаем клавишу DOWN
2023-07-05 02:22:38.280 +03:00 [Information] Нажимаем клавишу ENTER
2023-07-05 02:22:40.316 +03:00 [Information] Нажимаем сочетание клавиш Сrtl+A
2023-07-05 02:22:42.351 +03:00 [Information] Нажимаем сочетание клавиш Сrtl+C
2023-07-05 02:22:44.356 +03:00 [Information] Получаем данные из буфера обмена
2023-07-05 02:22:44.356 +03:00 [Information] Наименование: Терминал торгового эквайринга
ID: 5649651d-0383-4640-b76d-cef129bf502c
Лимит транзакций в сутки: 15
Кол-во сумма в сутки: 721827
Лимит транзакций в месяц: 213
Кол-во сумма в месяц: 412421
Адрес: Республика Беларусь, г. Минск, ул.
Организация: Закрытое акционерное
общесто "Ювелирный салон именни Альберта
Ивановича"
Дата установки: 23 апреля 2023

2023-07-05 02:22:46.357 +03:00 [Information] Проверка по какому шаблону нужно обработать данный файл (ИЭ или ТЭ)
2023-07-05 02:22:46.359 +03:00 [Information] Коректность данных в файле РЕГИСТРАЦИЯ W42192 ТЭ: True
2023-07-05 02:22:46.612 +03:00 [Information] Закрываем окно файла РЕГИСТРАЦИЯ W42192 ТЭ
2023-07-05 02:22:46.612 +03:00 [Information] Начинаю обработку файла РЕГИСТРАЦИЯ XDWA23 ТЭ
2023-07-05 02:22:46.646 +03:00 [Information] Активация строки поиска в проводнике
2023-07-05 02:22:48.962 +03:00 [Information] Ввод в строку поиска названия нужного файла
2023-07-05 02:22:48.983 +03:00 [Information] Нажимаем клавишу ENTER
2023-07-05 02:22:51.005 +03:00 [Information] Нажимаем клавишу DOWN
2023-07-05 02:22:53.031 +03:00 [Information] Нажимаем клавишу DOWN
2023-07-05 02:22:55.052 +03:00 [Information] Нажимаем клавишу ENTER
2023-07-05 02:22:57.091 +03:00 [Information] Нажимаем сочетание клавиш Сrtl+A
2023-07-05 02:22:59.124 +03:00 [Information] Нажимаем сочетание клавиш Сrtl+C
2023-07-05 02:23:01.130 +03:00 [Information] Получаем данные из буфера обмена
2023-07-05 02:23:01.130 +03:00 [Information] Наименование: Терминал торгового эквайринга
Организация: ИП Жмых Петр Петрович
ID: 5649651d-0183-4640-b21d-c421412421dwa
Лимит транзакций в сутки: 15
Кол-во сумма в сутки: 721827
Лимит транзакций в месяц: 213
Кол-во сумма в месяц: 412421
Адрес: Республика Беларусь, г. Минск, ул. Петруся 3



2023-07-05 02:23:03.131 +03:00 [Information] Проверка по какому шаблону нужно обработать данный файл (ИЭ или ТЭ)
2023-07-05 02:23:03.135 +03:00 [Information] Коректность данных в файле РЕГИСТРАЦИЯ XDWA23 ТЭ: False
2023-07-05 02:23:03.390 +03:00 [Information] Закрываем окно файла РЕГИСТРАЦИЯ XDWA23 ТЭ
2023-07-05 02:23:03.390 +03:00 [Information] Файлов для обработки нет. Засыпаю на 30 мин
